<?xml version="1.0" encoding="UTF-8"?>
<testsuite name="pt.up.fe.comp.cpf.Cpf2_SemanticAnalysis" tests="20" skipped="0" failures="0" errors="0" timestamp="2022-06-15T19:01:02" hostname="ubntu" time="0.287">
  <properties/>
  <testcase name="section1_SymbolTable_Fields" classname="pt.up.fe.comp.cpf.Cpf2_SemanticAnalysis" time="0.02"/>
  <testcase name="section4_CallsVerification_Inherited_Method_Call_Simple" classname="pt.up.fe.comp.cpf.Cpf2_SemanticAnalysis" time="0.015"/>
  <testcase name="section3_TypeVerification_BinaryOps_Simple" classname="pt.up.fe.comp.cpf.Cpf2_SemanticAnalysis" time="0.013"/>
  <testcase name="section1_SymbolTable_Parameters" classname="pt.up.fe.comp.cpf.Cpf2_SemanticAnalysis" time="0.009"/>
  <testcase name="section3_TypeVerification_BinaryOps_BadInts" classname="pt.up.fe.comp.cpf.Cpf2_SemanticAnalysis" time="0.01"/>
  <testcase name="section2_Lookup_VarLookup_Field_Main_Fail" classname="pt.up.fe.comp.cpf.Cpf2_SemanticAnalysis" time="0.009"/>
  <testcase name="section3_TypeVerification_While_If_Array_AccessArrayNotInteger" classname="pt.up.fe.comp.cpf.Cpf2_SemanticAnalysis" time="0.01"/>
  <testcase name="section3_TypeVerification_While_If_Array_WhileCondBool" classname="pt.up.fe.comp.cpf.Cpf2_SemanticAnalysis" time="0.008"/>
  <testcase name="section5_ThisValidation_ThisInMain" classname="pt.up.fe.comp.cpf.Cpf2_SemanticAnalysis" time="0.007"/>
  <testcase name="section3_TypeVerification_Assignment_Array_Bad" classname="pt.up.fe.comp.cpf.Cpf2_SemanticAnalysis" time="0.007"/>
  <testcase name="section3_TypeVerification_arraySumBad" classname="pt.up.fe.comp.cpf.Cpf2_SemanticAnalysis" time="0.008"/>
  <testcase name="section3_TypeVerification_Assignment_Bool_Bad" classname="pt.up.fe.comp.cpf.Cpf2_SemanticAnalysis" time="0.008"/>
  <testcase name="section5_ThisValidation_ThisAsCommonExpression" classname="pt.up.fe.comp.cpf.Cpf2_SemanticAnalysis" time="0.015"/>
  <testcase name="section2_Lookup_SuperWithImport" classname="pt.up.fe.comp.cpf.Cpf2_SemanticAnalysis" time="0.005"/>
  <testcase name="section4_CallsVerification_Method_Call_Missing" classname="pt.up.fe.comp.cpf.Cpf2_SemanticAnalysis" time="0.008"/>
  <testcase name="section2_Lookup_VarLookup_Field" classname="pt.up.fe.comp.cpf.Cpf2_SemanticAnalysis" time="0.054"/>
  <testcase name="section2_Lookup_VarLookup_Local" classname="pt.up.fe.comp.cpf.Cpf2_SemanticAnalysis" time="0.051"/>
  <testcase name="section4_CallsVerification_Other_Class_Method_Call_Simple" classname="pt.up.fe.comp.cpf.Cpf2_SemanticAnalysis" time="0.01"/>
  <testcase name="section3_TypeVerification_ArrayIndexBad" classname="pt.up.fe.comp.cpf.Cpf2_SemanticAnalysis" time="0.007"/>
  <testcase name="section3_TypeVerification_While_If_Array_IfCondNotBool" classname="pt.up.fe.comp.cpf.Cpf2_SemanticAnalysis" time="0.009"/>
  <system-out><![CDATA[]]></system-out>
  <system-err><![CDATA[]]></system-err>
</testsuite>
