<?xml version="1.0" encoding="UTF-8"?>
<testsuite name="pt.up.fe.comp.cpf.Cpf1_ParserAndTree" tests="1" skipped="0" failures="0" errors="0" timestamp="2022-06-15T19:01:01" hostname="ubntu" time="0.398">
  <properties/>
  <testcase name="section1_OpPrecedence_1_AddMultConstants" classname="pt.up.fe.comp.cpf.Cpf1_ParserAndTree" time="0.398"/>
  <system-out><![CDATA[]]></system-out>
  <system-err><![CDATA[]]></system-err>
</testsuite>
